2007-07-18T11:53:49 Checking update-file '/usr/share/apps/kconf_update/konsole.upd' for new updates
2007-07-18T11:53:49 konsole.upd: Found new update 'kde2.2/r1'
2007-07-18T11:53:49 konsole.upd: Found new update 'kde3.0/r1'
2007-07-18T11:53:49 konsole.upd: Running script 'schemaStrip.pl'
2007-07-18T11:53:50 Checking update-file '/usr/share/apps/kconf_update/noatun.upd' for new updates
2007-07-18T11:53:50 noatun.upd: Found new update 'noatun20'
2007-07-18T11:53:50 noatun.upd: Running script 'noatun20update'
2007-07-18T11:53:50 Checking update-file '/usr/share/apps/kconf_update/kaccel.upd' for new updates
2007-07-18T11:53:50 kaccel.upd: Found new update 'kde3.3/r1'
2007-07-18T11:53:50 kaccel.upd: Running script 'convertShortcuts.pl'
2007-07-18T11:53:50 Checking update-file '/usr/share/apps/kconf_update/kdeprintrc.upd' for new updates
2007-07-18T11:53:50 kdeprintrc.upd: Found new update 'kde-3.1-toolbar'
2007-07-18T11:53:50 kdeprintrc.upd: Skipping kdeprintrc:General:ViewMenuBar, already exists.
2007-07-18T11:53:50 kdeprintrc.upd: RemoveKey removes kdeprintrc:General:ViewToolBar
2007-07-18T11:53:50 Checking update-file '/usr/share/apps/kconf_update/mouse_cursor_theme.upd' for new updates
2007-07-18T11:53:50 mouse_cursor_theme.upd: Found new update 'kde3.4.99'
2007-07-18T11:53:50 Checking update-file '/usr/share/apps/kconf_update/kfmclient_3_2.upd' for new updates
2007-07-18T11:53:50 kfmclient_3_2.upd: Found new update 'kfmclient_3_2'
2007-07-18T11:53:50 kfmclient_3_2.upd: Running script 'kfmclient_3_2_update.sh'
2007-07-18T11:53:50 kfmclient_3_2.upd: Script removes kfmclientrc:Settings:StartNewKonqueror
2007-07-18T11:53:50 Checking update-file '/usr/share/apps/kconf_update/kwinupdatewindowsettings.upd' for new updates
2007-07-18T11:53:50 kwinupdatewindowsettings.upd: Found new update 'kde33b1'
2007-07-18T11:53:50 kwinupdatewindowsettings.upd: Running script 'kwin_update_window_settings'
2007-07-18T11:53:50 Checking update-file '/usr/share/apps/kconf_update/kwin.upd' for new updates
2007-07-18T11:53:50 kwin.upd: Found new update 'kde3.0r1'
2007-07-18T11:53:50 kwin.upd: Running script 'pluginlibFix.pl'
2007-07-18T11:53:50 kwin.upd: Found new update 'kde3.2Xinerama'
2007-07-18T11:53:50 Checking update-file '/usr/share/apps/kconf_update/kpgp.upd' for new updates
2007-07-18T11:53:50 kpgp.upd: Found new update 'preKDE3_a'
2007-07-18T11:53:50 kpgp.upd: Found new update '3.1-1'
2007-07-18T11:53:50 kpgp.upd: Running script 'kpgp-3.1-upgrade-address-data.pl'
2007-07-18T11:53:50 kpgp.upd: Script removes kpgprc:General:addressKeyEntries
2007-07-18T11:53:50 kpgp.upd: Script removes kpgprc:General:addressEntries
2007-07-18T11:53:50 kpgp.upd: Updating kpgprc:General:addressEntries to '0'
2007-07-18T11:53:50 Checking update-file '/usr/share/apps/kconf_update/kwin_fsp_workarounds_1.upd' for new updates
2007-07-18T11:53:50 kwin_fsp_workarounds_1.upd: Found new update 'kde351'
2007-07-18T11:53:50 kwin_fsp_workarounds_1.upd: Running script 'kwin_update_default_rules' with arguments 'fsp_workarounds_1'
2007-07-18T11:53:50 Checking update-file '/usr/share/apps/kconf_update/konqsidebartng.upd' for new updates
2007-07-18T11:53:50 konqsidebartng.upd: Found new update 'konqsidebartng_rc'
2007-07-18T11:53:50 konqsidebartng.upd: Found new update 'konqsidebartng_entries'
2007-07-18T11:53:50 konqsidebartng.upd: Running script 'move_konqsidebartng_entries.sh'
2007-07-18T11:53:50 Checking update-file '/usr/share/apps/kconf_update/kcmdisplayrc.upd' for new updates
2007-07-18T11:53:50 kcmdisplayrc.upd: Found new update 'kde3'
2007-07-18T11:53:50 Checking update-file '/usr/share/apps/kconf_update/khotkeys_32b1_update.upd' for new updates
2007-07-18T11:53:50 khotkeys_32b1_update.upd: Found new update 'kde32b1'
2007-07-18T11:53:50 khotkeys_32b1_update.upd: Running script 'khotkeys_update' with arguments '--id kde32b1'
2007-07-18T11:53:51 [Script] X Error: BadDevice, invalid or uninitialized input device 167
2007-07-18T11:53:51 [Script]   Major opcode:  145
2007-07-18T11:53:51 [Script]   Minor opcode:  3
2007-07-18T11:53:51 [Script]   Resource id:  0x0
2007-07-18T11:53:51 [Script] Failed to open device
2007-07-18T11:53:51 [Script] X Error: BadDevice, invalid or uninitialized input device 167
2007-07-18T11:53:51 [Script]   Major opcode:  145
2007-07-18T11:53:51 [Script]   Minor opcode:  3
2007-07-18T11:53:51 [Script]   Resource id:  0x0
2007-07-18T11:53:51 [Script] Failed to open device
2007-07-18T11:53:51 Checking update-file '/usr/share/apps/kconf_update/kuriikwsfilter.upd' for new updates
2007-07-18T11:53:51 kuriikwsfilter.upd: Found new update 'post-kde3.1/cvs'
2007-07-18T11:53:51 Checking update-file '/usr/share/apps/kconf_update/ksmserver.upd' for new updates
2007-07-18T11:53:51 ksmserver.upd: Found new update 'kde3'
2007-07-18T11:53:51 ksmserver.upd: Running script 'move_session_config.sh'
2007-07-18T11:53:51 Checking update-file '/usr/share/apps/kconf_update/kwin_focus2.upd' for new updates
2007-07-18T11:53:51 kwin_focus2.upd: Found new update 'kwin_focus2'
2007-07-18T11:53:51 kwin_focus2.upd: Running script 'kwin_focus2.sh'
2007-07-18T11:53:51 Checking update-file '/usr/share/apps/kconf_update/konqueror_gestures_kde321_update.upd' for new updates
2007-07-18T11:53:51 konqueror_gestures_kde321_update.upd: Found new update 'kde321'
2007-07-18T11:53:51 konqueror_gestures_kde321_update.upd: Running script 'khotkeys_update' with arguments '--id konqueror_gestures_kde321'
2007-07-18T11:53:51 [Script] X Error: BadDevice, invalid or uninitialized input device 167
2007-07-18T11:53:51 [Script]   Major opcode:  145
2007-07-18T11:53:51 [Script]   Minor opcode:  3
2007-07-18T11:53:51 [Script]   Resource id:  0x0
2007-07-18T11:53:51 [Script] Failed to open device
2007-07-18T11:53:51 [Script] X Error: BadDevice, invalid or uninitialized input device 167
2007-07-18T11:53:51 [Script]   Major opcode:  145
2007-07-18T11:53:51 [Script]   Minor opcode:  3
2007-07-18T11:53:51 [Script]   Resource id:  0x0
2007-07-18T11:53:51 [Script] Failed to open device
2007-07-18T11:53:51 Checking update-file '/usr/share/apps/kconf_update/kio_help.upd' for new updates
2007-07-18T11:53:51 kio_help.upd: Found new update 'kde3_2'
2007-07-18T11:53:51 kio_help.upd: Running script 'move_kio_help_cache.sh'
2007-07-18T11:53:51 [Script] mv: cannot stat `/home/humvee/.kde/share/apps/kio_help/cache': No such file or directory
2007-07-18T11:53:51 [Script] rmdir: /home/humvee/.kde/share/apps/kio_help: No such file or directory
2007-07-18T11:53:51 Checking update-file '/usr/share/apps/kconf_update/kwinsticky.upd' for new updates
2007-07-18T11:53:51 kwinsticky.upd: Found new update 'stickyupd3.1'
2007-07-18T11:53:51 Checking update-file '/usr/share/apps/kconf_update/khotkeys_printscreen.upd' for new updates
2007-07-18T11:53:51 khotkeys_printscreen.upd: Found new update 'printscreen'
2007-07-18T11:53:51 khotkeys_printscreen.upd: Running script 'khotkeys_update' with arguments '--id printscreen'
2007-07-18T11:53:51 [Script] X Error: BadDevice, invalid or uninitialized input device 167
2007-07-18T11:53:51 [Script]   Major opcode:  145
2007-07-18T11:53:51 [Script]   Minor opcode:  3
2007-07-18T11:53:51 [Script]   Resource id:  0x0
2007-07-18T11:53:51 [Script] Failed to open device
2007-07-18T11:53:51 [Script] X Error: BadDevice, invalid or uninitialized input device 167
2007-07-18T11:53:51 [Script]   Major opcode:  145
2007-07-18T11:53:51 [Script]   Minor opcode:  3
2007-07-18T11:53:51 [Script]   Resource id:  0x0
2007-07-18T11:53:51 [Script] Failed to open device
2007-07-18T11:53:51 Checking update-file '/usr/share/apps/kconf_update/favicons.upd' for new updates
2007-07-18T11:53:52 favicons.upd: Found new update 'kde3_2'
2007-07-18T11:53:52 favicons.upd: Running script 'move_favicons.sh'
2007-07-18T11:53:52 Checking update-file '/usr/share/apps/kconf_update/socks.upd' for new updates
2007-07-18T11:53:52 socks.upd: Found new update 'kde3.0/r1'
2007-07-18T11:53:52 Checking update-file '/usr/share/apps/kconf_update/kwin3_plugin.upd' for new updates
2007-07-18T11:53:52 kwin3_plugin.upd: Found new update 'kde3.2'
2007-07-18T11:53:52 kwin3_plugin.upd: Running script 'kwin3_plugin.pl'
2007-07-18T11:53:52 Checking update-file '/usr/share/apps/kconf_update/kwin_focus1.upd' for new updates
2007-07-18T11:53:52 kwin_focus1.upd: Found new update 'kwin_focus1'
2007-07-18T11:53:52 kwin_focus1.upd: Running script 'kwin_focus1.sh'
2007-07-18T11:53:52 kwin_focus1.upd: Updating kwinrc:Windows:IgnoreFocusStealingClasses to 'kio_uiserver'
2007-07-18T11:53:52 Checking update-file '/usr/share/apps/kconf_update/kickerrc.upd' for new updates
2007-07-18T11:53:52 kickerrc.upd: Found new update 'kde_3_1_sizeChanges'
2007-07-18T11:53:52 kickerrc.upd: Running script 'kicker-3.1-properSizeSetting.pl'
2007-07-18T11:53:52 kickerrc.upd: Found new update 'kde_3_4_reverseLayout'
2007-07-18T11:53:52 kickerrc.upd: Running script 'kicker-3.4-reverseLayout'
2007-07-18T11:53:52 kickerrc.upd: Found new update 'kde_3_5_taskbarEnums'
2007-07-18T11:53:52 kickerrc.upd: Running script 'kicker-3.5-taskbarEnums.pl'
2007-07-18T11:53:52 kickerrc.upd: Found new update 'kde_3_5_kconfigXTize'
2007-07-18T11:53:52 kickerrc.upd: Running script 'kicker-3.5-kconfigXTize.pl'
2007-07-18T11:53:52 kickerrc.upd: Updating kickerrc:menus:MenuEntryFormat to 'NameAndDescription'
2007-07-18T11:53:52 Checking update-file '/usr/share/apps/kconf_update/klipperrc.upd' for new updates
2007-07-18T11:53:52 klipperrc.upd: Found new update '25082001'
2007-07-18T11:53:52 klipperrc.upd: Running script 'klipper-1-2.pl'
2007-07-18T11:53:52 klipperrc.upd: Found new update 'kde3.1'
2007-07-18T11:53:52 klipperrc.upd: Running script 'klipper-kde31.sh'
2007-07-18T11:53:52 klipperrc.upd: Updating klipperrc:General:AutoStart to 'true'
2007-07-18T11:53:52 Checking update-file '/usr/share/apps/kconf_update/kate-2.4.upd' for new updates
2007-07-18T11:53:52 kate-2.4.upd: Found new update 'kate2.4'
2007-07-18T11:53:52 Checking update-file '/usr/share/apps/kconf_update/kioslave.upd' for new updates
2007-07-18T11:53:52 kioslave.upd: Found new update 'kde2.2/r1'
2007-07-18T11:53:52 kioslave.upd: Skipping update 'kde2.2/r1'
2007-07-18T11:53:52 kioslave.upd: Found new update 'kde2.2/r2'
2007-07-18T11:53:52 kioslave.upd: Running script 'useragent.pl'
2007-07-18T11:53:52 kioslave.upd: Script removes kioslaverc:UserAgent:EntriesCount
2007-07-18T11:53:52 kioslave.upd: Found new update 'kde2.2/r3'
2007-07-18T11:53:52 kioslave.upd: Running script 'proxytype.pl'
2007-07-18T11:53:52 kioslave.upd: Script removes kioslaverc:Proxy Settings:UseProxy
2007-07-18T11:53:52 Checking update-file '/usr/share/apps/kconf_update/kded.upd' for new updates
2007-07-18T11:53:52 kded.upd: Found new update 'kde3.0'
2007-07-18T11:53:52 Checking update-file '/usr/share/apps/kconf_update/kcookiescfg.upd' for new updates
2007-07-18T11:53:52 kcookiescfg.upd: Found new update 'kde2.2/b1'
2007-07-18T11:53:52 kcookiescfg.upd: Found new update 'kde3.1/cvs'
2007-07-18T11:53:52 Checking update-file '/usr/share/apps/kconf_update/kwiniconify.upd' for new updates
2007-07-18T11:53:52 kwiniconify.upd: Found new update 'iconifyupd3.1'
2007-07-18T11:53:52 Checking update-file '/usr/share/apps/kconf_update/klippershortcuts.upd' for new updates
2007-07-18T11:53:52 klippershortcuts.upd: Found new update '04112002'
